<?xml version="1.0" encoding="UTF-8" standalone="no"?>
<!DOCTYPE log SYSTEM "logger.dtd">
<log>
<record>
  <date>2018-09-27T01:33:11</date>
  <millis>1538001191582</millis>
  <sequence>0</sequence>
  <logger>LoggerExample</logger>
  <level>CONFIG</level>
  <class>LoggerExample</class>
  <method>main</method>
  <thread>1</thread>
  <message>Configuration done.</message>
</record>
<record>
  <date>2018-09-27T01:33:11</date>
  <millis>1538001191616</millis>
  <sequence>1</sequence>
  <logger>LoggerExample</logger>
  <level>FINE</level>
  <class>LoggerExample</class>
  <method>main</method>
  <thread>1</thread>
  <message>Finer logged</message>
</record>
<record>
  <date>2018-09-27T01:33:11</date>
  <millis>1538001191618</millis>
  <sequence>2</sequence>
  <logger>LoggerExample</logger>
  <level>FINER</level>
  <class>LoggerExample</class>
  <method>main</method>
  <thread>1</thread>
  <message>Finest example on LOGGER handler completed.</message>
</record>
</log>
