<?xml version="1.0" encoding="UTF-8" standalone="no"?>
<!DOCTYPE log SYSTEM "logger.dtd">
<log>
<record>
  <date>2018-09-27T02:43:25</date>
  <millis>1538005405963</millis>
  <sequence>0</sequence>
  <logger>LoggerTest</logger>
  <level>CONFIG</level>
  <class>HandlerExample</class>
  <method>main</method>
  <thread>1</thread>
  <message>Configuration done.</message>
</record>
<record>
  <date>2018-09-27T02:43:25</date>
  <millis>1538005405996</millis>
  <sequence>1</sequence>
  <logger>LoggerTest</logger>
  <level>FINE</level>
  <class>HandlerExample</class>
  <method>main</method>
  <thread>1</thread>
  <message>Finer logged</message>
</record>
<record>
  <date>2018-09-27T02:43:25</date>
  <millis>1538005405996</millis>
  <sequence>2</sequence>
  <logger>LoggerTest</logger>
  <level>FINER</level>
  <class>HandlerExample</class>
  <method>main</method>
  <thread>1</thread>
  <message>Finest example on LOGGER handler completed.</message>
</record>
</log>
